#
# A fatal error has been detected by the Java Runtime Environment:
#
#  EXCEPTION_ACCESS_VIOLATION (0xc0000005) at pc=0x00007fffe93867c1, pid=7776, tid=8228
#
# JRE version: OpenJDK Runtime Environment Temurin-17.0.1+12 (17.0.1+12) (build 17.0.1+12)
# Java VM: OpenJDK 64-Bit Server VM Temurin-17.0.1+12 (17.0.1+12, mixed mode, emulated-client, tiered, compressed oops, compressed class ptrs, g1 gc, windows-amd64)
# Problematic frame:
# V  [jvm.dll+0x3067c1]
#
# No core dump will be written. Minidumps are not enabled by default on client versions of Windows
#
# If you would like to submit a bug report, please visit:
#   https://github.com/adoptium/adoptium-support/issues
#

---------------  S U M M A R Y ------------

Command Line: -Dcom.sun.management.jmxremote -Dcom.sun.management.jmxremote.port=56051 -Dcom.sun.management.jmxremote.authenticate=false -Dcom.sun.management.jmxremote.ssl=false -Djava.rmi.server.hostname=localhost -Dspring.jmx.enabled=true -Dspring.application.admin.enabled=true -XX:TieredStopAtLevel=1 -Dspring.boot.project.name=course -Dfile.encoding=UTF-8 -XX:+ShowCodeDetailsInExceptionMessages com.educandoweb.course.CourseApplication --spring.output.ansi.enabled=always

Host: Intel(R) Core(TM) i3-2310M CPU @ 2.10GHz, 4 cores, 7G,  Windows 10 , 64 bit Build 19041 (10.0.19041.1889)
Time: Tue Oct 18 20:48:26 2022 Hora oficial do Brasil elapsed time: 4.052221 seconds (0d 0h 0m 4s)

---------------  T H R E A D  ---------------

Current thread (0x000002067fa4d7f0):  GCTaskThread "GC Thread#0" [stack: 0x0000001700600000,0x0000001700700000] [id=8228]

Stack: [0x0000001700600000,0x0000001700700000],  sp=0x00000017006ff630,  free space=1021k
Native frames: (J=compiled Java code, j=interpreted, Vv=VM code, C=native code)
V  [jvm.dll+0x3067c1]
V  [jvm.dll+0x30359e]
V  [jvm.dll+0x3161c5]
V  [jvm.dll+0x1f4c44]
V  [jvm.dll+0x30351b]
V  [jvm.dll+0x1f74e8]
V  [jvm.dll+0x3171a0]
V  [jvm.dll+0x316fe5]
V  [jvm.dll+0x2de154]
V  [jvm.dll+0x2dfbab]
V  [jvm.dll+0x85b53b]
V  [jvm.dll+0x85b586]
V  [jvm.dll+0x7de51a]
V  [jvm.dll+0x673305]
C  [ucrtbase.dll+0x21bb2]
C  [KERNEL32.DLL+0x17034]
C  [ntdll.dll+0x526a1]


siginfo: EXCEPTION_ACCESS_VIOLATION (0xc0000005), reading address 0x0000000000008000


Register to memory mapping:

RIP=0x00007fffe93867c1 jvm.dll
RAX=0x000002067fa4af54 points into unknown readable memory: 00 00 00 00
RBX=0x0000000081d12cad is pointing into object: java.lang.Class 
{0x0000000081d12c60} - klass: 'java/lang/Class'
 - ---- fields (total size 15 words):
 - private volatile transient 'classRedefinedCount' 'I' @12  0
 - private volatile transient 'cachedConstructor' 'Ljava/lang/reflect/Constructor;' @40  NULL (0)
 - private transient 'name' 'Ljava/lang/String;' @44  "org.springframework.core.log.CompositeLog"{0x0000000081d14148} (81d14148)
 - private transient 'module' 'Ljava/lang/Module;' @48  a 'java/lang/Module'{0x00000000819d5778} (819d5778)
 - private final 'classLoader' 'Ljava/lang/ClassLoader;' @52  a 'jdk/internal/loader/ClassLoaders$AppClassLoader'{0x00000000819b2600} (819b2600)
 - private transient 'classData' 'Ljava/lang/Object;' @56  NULL (0)
 - private transient 'packageName' 'Ljava/lang/String;' @60  "org.springframework.core.log"{0x0000000081d141a0} (81d141a0)
 - private final 'componentType' 'Ljava/lang/Class;' @64  NULL (0)
 - private volatile transient 'reflectionData' 'Ljava/lang/ref/SoftReference;' @68  NULL (0)
 - private volatile transient 'genericInfo' 'Lsun/reflect/generics/repository/ClassRepository;' @72  NULL (0)
 - private volatile transient 'enumConstants' '[Ljava/lang/Object;' @76  
[error occurred during error reporting (printing register info), id 0xc0000005, EXCEPTION_ACCESS_VIOLATION (0xc0000005) at pc=0x00007fffe940fd9e]

Registers:
RAX=0x000002067fa4af54, RBX=0x0000000081d12cad, RCX=0x0000000000000000, RDX=0x0000000000000000
RSP=0x00000017006ff630, RBP=0x000000000000111b, RSI=0x0000000081d12cac, RDI=0x000002060ec78c50
R8 =0x0000000081d141b8, R9 =0x0000000081d141b8, R10=0x0000000000008000, R11=0x0000000081d14018
R12=0x000002067fa20138, R13=0x00000000000003d8, R14=0x0000000000000040, R15=0x0000000000000000
RIP=0x00007fffe93867c1, EFLAGS=0x0000000000010246

Top of Stack: (sp=0x00000017006ff630)
0x00000017006ff630:   0000000000000000 00007fffe9380100
0x00000017006ff640:   000002060fb90001 0000000000000019
0x00000017006ff650:   00000017006ff6d0 0000000000000001
0x00000017006ff660:   0000000000000002 0000020600000000
0x00000017006ff670:   000002060ec70001 000002060e63c970
0x00000017006ff680:   000002060e63c9a8 000002060fb9b278
0x00000017006ff690:   000002060fb9b200 0000000000000020
0x00000017006ff6a0:   000002060ec78c50 00007fffe938359e
0x00000017006ff6b0:   000000000000001e 000002060e63c970
0x00000017006ff6c0:   000002060e630000 00000000000003d8
0x00000017006ff6d0:   000000000266cb68 00000001f5120b88
0x00000017006ff6e0:   000002060fb9b200 000002060e63c9a8
0x00000017006ff6f0:   000002060e63c9a8 00007fffe93961c5
0x00000017006ff700:   0000000000000000 00007fffe9860100
0x00000017006ff710:   000002067fa10001 0000006aecbb8d11
0x00000017006ff720:   000002060fb9b278 00007fffe9274c44 

Instructions: (pc=0x00007fffe93867c1)
0x00007fffe93866c1:   1b fd ff ff 66 66 66 0f 1f 84 00 00 00 00 00 48
0x00007fffe93866d1:   8b 77 10 8b ae 80 00 00 00 8b cd 8b 86 00 01 00
0x00007fffe93866e1:   00 2b c8 81 e1 ff ff 01 00 41 3b ce 0f 86 06 03
0x00007fffe93866f1:   00 00 ff cd 81 e5 ff ff 01 00 89 ae 80 00 00 00
0x00007fffe9386701:   e8 0a f3 35 00 8b 86 00 01 00 00 8b cd 48 8b 9e
0x00007fffe9386711:   80 01 00 00 2b c8 81 e1 ff ff 01 00 8b d5 81 f9
0x00007fffe9386721:   ff ff 01 00 48 8b 1c eb 41 0f 44 cf 85 c9 75 41
0x00007fffe9386731:   48 8b 86 00 01 00 00 48 8b c8 48 89 44 24 28 48
0x00007fffe9386741:   c1 e9 20 ff c1 89 6c 24 20 89 4c 24 24 3b e8 0f
0x00007fffe9386751:   85 91 02 00 00 48 c1 e1 20 48 0b ca f0 48 0f b1
0x00007fffe9386761:   8e 00 01 00 00 0f 85 7b 02 00 00 8b 86 00 01 00
0x00007fffe9386771:   00 f6 c3 01 0f 84 3c 01 00 00 8b 0d 57 6b 7f 00
0x00007fffe9386781:   48 8d 73 ff 48 8b 47 08 44 8b 16 49 d3 e2 4c 03
0x00007fffe9386791:   15 3a 6b 7f 00 8b 88 90 05 00 00 49 8b d2 48 8b
0x00007fffe93867a1:   80 80 05 00 00 48 d3 ea 0f b7 0c 50 66 89 8c 24
0x00007fffe93867b1:   90 00 00 00 66 c1 e9 08 84 c9 0f 88 0f ff ff ff
0x00007fffe93867c1:   4d 8b 02 41 0f b6 c0 24 03 3c 03 75 1e 44 38 3d
0x00007fffe93867d1:   4b 2a 86 00 74 0f 41 0f b6 c0 24 07 3c 05 75 05
0x00007fffe93867e1:   4d 8b c7 eb 1f 49 83 e0 fc eb 19 0f b7 94 24 90
0x00007fffe93867f1:   00 00 00 4d 8b c8 4d 8b c2 48 8b cf e8 1e ef ff
0x00007fffe9386801:   ff 4c 8b c0 8b 0d cd 6a 7f 00 49 8b d0 48 2b 15
0x00007fffe9386811:   bb 6a 7f 00 48 d3 ea 89 16 49 8b d0 8b 0d 7d 32
0x00007fffe9386821:   86 00 48 33 d6 48 d3 ea 48 85 d2 0f 84 9e fe ff
0x00007fffe9386831:   ff 48 8b 47 08 48 8b d6 8b 88 c0 01 00 00 48 8b
0x00007fffe9386841:   80 b0 01 00 00 48 d3 ea 48 8b 0c d0 8b 81 94 00
0x00007fffe9386851:   00 00 d1 e8 a8 01 0f 85 73 fe ff ff 48 8b 47 08
0x00007fffe9386861:   8b 88 90 05 00 00 48 8b 80 80 05 00 00 49 d3 e8
0x00007fffe9386871:   46 38 3c 40 0f 84 55 fe ff ff 48 8b 47 60 48 c1
0x00007fffe9386881:   ee 09 48 8b 58 40 48 8b 48 38 48 03 de 48 2b d9
0x00007fffe9386891:   48 39 9f b0 01 00 00 0f 84 32 fe ff ff 48 8d 14
0x00007fffe93868a1:   0b 48 8d 4f 18 e8 b5 40 00 00 48 89 9f b0 01 00
0x00007fffe93868b1:   00 e9 19 fe ff ff f6 c3 03 0f 85 16 01 00 00 48 


Stack slot to memory mapping:
stack at sp + 0 slots: 0x0 is NULL
stack at sp + 1 slots: 0x00007fffe9380100 jvm.dll
stack at sp + 2 slots: 0x000002060fb90001 points into unknown readable memory: 72 63 65 3b 4c 6f 72
stack at sp + 3 slots: 0x0000000000000019 is an unknown value
stack at sp + 4 slots: 0x00000017006ff6d0 points into unknown readable memory: 0x000000000266cb68 | 68 cb 66 02 00 00 00 00
stack at sp + 5 slots: 0x0000000000000001 is an unknown value
stack at sp + 6 slots: 0x0000000000000002 is an unknown value
stack at sp + 7 slots: 0x0000020600000000 points into unknown readable memory: 0x00010000cafedada | da da fe ca 00 00 01 00


---------------  P R O C E S S  ---------------

Threads class SMR info:
_java_thread_list=0x000002060fed0590, length=20, elements={
0x000002067fa0fcf0, 0x000002060d6fbcc0, 0x000002060d6fca80, 0x000002060d709870,
0x000002060d759000, 0x000002060d7594d0, 0x000002060d75d5c0, 0x000002060e128090,
0x000002060e1285a0, 0x000002060d6a1b50, 0x000002060e1fb010, 0x000002060e2d08b0,
0x000002060e7fe850, 0x000002060e8bc550, 0x000002060e8d4e00, 0x000002060e7fe060,
0x000002060e942f90, 0x000002060e943460, 0x000002060ea06180, 0x000002060ea7e3e0
}

Java Threads: ( => current thread )
  0x000002067fa0fcf0 JavaThread "main" [_thread_blocked, id=2608, stack(0x0000001700500000,0x0000001700600000)]
  0x000002060d6fbcc0 JavaThread "Reference Handler" daemon [_thread_blocked, id=8028, stack(0x0000001700c00000,0x0000001700d00000)]
  0x000002060d6fca80 JavaThread "Finalizer" daemon [_thread_blocked, id=3268, stack(0x0000001700d00000,0x0000001700e00000)]
  0x000002060d709870 JavaThread "Signal Dispatcher" daemon [_thread_blocked, id=12680, stack(0x0000001700e00000,0x0000001700f00000)]
  0x000002060d759000 JavaThread "Attach Listener" daemon [_thread_blocked, id=5012, stack(0x0000001700f00000,0x0000001701000000)]
  0x000002060d7594d0 JavaThread "Service Thread" daemon [_thread_blocked, id=5008, stack(0x0000001701000000,0x0000001701100000)]
  0x000002060d75d5c0 JavaThread "Monitor Deflation Thread" daemon [_thread_blocked, id=2772, stack(0x0000001701100000,0x0000001701200000)]
  0x000002060e128090 JavaThread "C1 CompilerThread0" daemon [_thread_blocked, id=4452, stack(0x0000001701200000,0x0000001701300000)]
  0x000002060e1285a0 JavaThread "Sweeper thread" daemon [_thread_blocked, id=8884, stack(0x0000001701300000,0x0000001701400000)]
  0x000002060d6a1b50 JavaThread "Common-Cleaner" daemon [_thread_blocked, id=8588, stack(0x0000001701400000,0x0000001701500000)]
  0x000002060e1fb010 JavaThread "C1 CompilerThread1" daemon [_thread_blocked, id=11356, stack(0x0000001701500000,0x0000001701600000)]
  0x000002060e2d08b0 JavaThread "Notification Thread" daemon [_thread_blocked, id=7020, stack(0x0000001701600000,0x0000001701700000)]
  0x000002060e7fe850 JavaThread "RMI TCP Accept-0" daemon [_thread_in_native, id=11528, stack(0x0000001701700000,0x0000001701800000)]
  0x000002060e8bc550 JavaThread "RMI TCP Accept-56051" daemon [_thread_in_native, id=10792, stack(0x0000001701800000,0x0000001701900000)]
  0x000002060e8d4e00 JavaThread "RMI TCP Accept-0" daemon [_thread_in_native, id=9228, stack(0x0000001701900000,0x0000001701a00000)]
  0x000002060e7fe060 JavaThread "RMI TCP Connection(1)-127.0.0.1" daemon [_thread_in_native, id=12432, stack(0x0000001701f00000,0x0000001702000000)]
  0x000002060e942f90 JavaThread "RMI Scheduler(0)" daemon [_thread_blocked, id=2344, stack(0x0000001702000000,0x0000001702100000)]
  0x000002060e943460 JavaThread "RMI TCP Connection(2)-127.0.0.1" daemon [_thread_in_native, id=4088, stack(0x0000001702100000,0x0000001702200000)]
  0x000002060ea06180 JavaThread "JMX server connection timeout 21" daemon [_thread_blocked, id=6996, stack(0x0000001702200000,0x0000001702300000)]
  0x000002060ea7e3e0 JavaThread "C1 CompilerThread2" daemon [_thread_blocked, id=4340, stack(0x0000001702300000,0x0000001702400000)]

Other Threads:
  0x000002060d7230a0 VMThread "VM Thread" [stack: 0x0000001700b00000,0x0000001700c00000] [id=5956]
  0x000002060e8bf240 WatcherThread [stack: 0x0000001701a00000,0x0000001701b00000] [id=4236]
=>0x000002067fa4d7f0 GCTaskThread "GC Thread#0" [stack: 0x0000001700600000,0x0000001700700000] [id=8228]
  0x000002060e901820 GCTaskThread "GC Thread#1" [stack: 0x0000001701b00000,0x0000001701c00000] [id=13060]
  0x000002060e927cd0 GCTaskThread "GC Thread#2" [stack: 0x0000001701c00000,0x0000001701d00000] [id=10536]
  0x000002060e8fd0e0 GCTaskThread "GC Thread#3" [stack: 0x0000001701d00000,0x0000001701e00000] [id=9504]
  0x000002067fa5ea20 ConcurrentGCThread "G1 Main Marker" [stack: 0x0000001700700000,0x0000001700800000] [id=4016]
  0x000002067fa5f240 ConcurrentGCThread "G1 Conc#0" [stack: 0x0000001700800000,0x0000001700900000] [id=5184]
  0x000002067fad65a0 ConcurrentGCThread "G1 Refine#0" [stack: 0x0000001700900000,0x0000001700a00000] [id=4128]
  0x000002060e958b00 ConcurrentGCThread "G1 Refine#1" [stack: 0x0000001701e00000,0x0000001701f00000] [id=2768]
  0x000002067fad7c80 ConcurrentGCThread "G1 Service" [stack: 0x0000001700a00000,0x0000001700b00000] [id=1176]

Threads with active compile tasks:

VM state: at safepoint (normal execution)

VM Mutex/Monitor currently owned by a thread:  ([mutex/lock_event])
[0x000002067fa0aa90] Threads_lock - owner thread: 0x000002060d7230a0
[0x000002067fa0a610] Heap_lock - owner thread: 0x000002067fa0fcf0

Heap address: 0x0000000081600000, size: 2026 MB, Compressed Oops mode: 32-bit

CDS archive(s) not mapped
Compressed class space mapped at: 0x0000000100000000-0x0000000140000000, reserved size: 1073741824
Narrow klass base: 0x0000000000000000, Narrow klass shift: 3, Narrow klass range: 0x140000000

GC Precious Log:
 CPUs: 4 total, 4 available
 Memory: 8102M
 Large Page Support: Disabled
 NUMA Support: Disabled
 Compressed Oops: Enabled (32-bit)
 Heap Region Size: 1M
 Heap Min Capacity: 8M
 Heap Initial Capacity: 128M
 Heap Max Capacity: 2026M
 Pre-touch: Disabled
 Parallel Workers: 4
 Concurrent Workers: 1
 Concurrent Refinement Workers: 4
 Periodic GC: Disabled

Heap:
 garbage-first heap   total 37888K, used 10905K [0x0000000081600000, 0x0000000100000000)
  region size 1024K, 2 young (2048K), 1 survivors (1024K)
 Metaspace       used 25804K, committed 26112K, reserved 1073152K
  class space    used 3065K, committed 3200K, reserved 1048576K

Heap Regions: E=young(eden), S=young(survivor), O=old, HS=humongous(starts), HC=humongous(continues), CS=collection set, F=free, OA=open archive, CA=closed archive, TAMS=top-at-mark-start (previous, next)
|   0|0x0000000081600000, 0x0000000081700000, 0x0000000081700000|100%|HS|  |TAMS 0x0000000081700000, 0x0000000081600000| Complete 
|   1|0x0000000081700000, 0x0000000081800000, 0x0000000081800000|100%| O|  |TAMS 0x0000000081800000, 0x0000000081700000| Untracked 
|   2|0x0000000081800000, 0x0000000081900000, 0x0000000081900000|100%| O|  |TAMS 0x0000000081900000, 0x0000000081800000| Untracked 
|   3|0x0000000081900000, 0x0000000081a00000, 0x0000000081a00000|100%| O|  |TAMS 0x0000000081a00000, 0x0000000081900000| Untracked 
|   4|0x0000000081a00000, 0x0000000081b00000, 0x0000000081b00000|100%| O|  |TAMS 0x0000000081b00000, 0x0000000081a00000| Untracked 
|   5|0x0000000081b00000, 0x0000000081bbf600, 0x0000000081c00000| 74%| O|CS|TAMS 0x0000000081bbf600, 0x0000000081b00000| Complete 
|   6|0x0000000081c00000, 0x0000000081d00000, 0x0000000081d00000|100%| O|  |TAMS 0x0000000081c00000, 0x0000000081c00000| Untracked 
|   7|0x0000000081d00000, 0x0000000081e00000, 0x0000000081e00000|100%| O|  |TAMS 0x0000000081d00000, 0x0000000081d00000| Untracked 
|   8|0x0000000081e00000, 0x0000000081f00000, 0x0000000081f00000|100%| O|  |TAMS 0x0000000081e00000, 0x0000000081e00000| Untracked 
|   9|0x0000000081f00000, 0x0000000081f98310, 0x0000000082000000| 59%| O|  |TAMS 0x0000000081f00000, 0x0000000081f00000| Untracked 
|  10|0x0000000082000000, 0x00000000820e7000, 0x0000000082100000| 90%| E|CS|TAMS 0x0000000082000000, 0x0000000082000000| Complete 
|  11|0x0000000082100000, 0x0000000082200000, 0x0000000082200000|100%| E|CS|TAMS 0x0000000082100000, 0x0000000082100000| Complete 
|  12|0x0000000082200000, 0x0000000082300000, 0x0000000082300000|100%| E|CS|TAMS 0x0000000082200000, 0x0000000082200000| Complete 
|  13|0x0000000082300000, 0x0000000082400000, 0x0000000082400000|100%| E|CS|TAMS 0x0000000082300000, 0x0000000082300000| Complete 
|  14|0x0000000082400000, 0x0000000082400000, 0x0000000082500000|  0%| F|  |TAMS 0x0000000082400000, 0x0000000082400000| Untracked 
|  15|0x0000000082500000, 0x0000000082500000, 0x0000000082600000|  0%| F|  |TAMS 0x0000000082500000, 0x0000000082500000| Untracked 
|  16|0x0000000082600000, 0x0000000082600000, 0x0000000082700000|  0%| F|  |TAMS 0x0000000082600000, 0x0000000082600000| Untracked 
|  17|0x0000000082700000, 0x0000000082700000, 0x0000000082800000|  0%| F|  |TAMS 0x0000000082700000, 0x0000000082700000| Untracked 
|  18|0x0000000082800000, 0x0000000082800000, 0x0000000082900000|  0%| F|  |TAMS 0x0000000082800000, 0x0000000082800000| Untracked 
|  19|0x0000000082900000, 0x0000000082900000, 0x0000000082a00000|  0%| F|  |TAMS 0x0000000082900000, 0x0000000082900000| Untracked 
|  20|0x0000000082a00000, 0x0000000082a00000, 0x0000000082b00000|  0%| F|  |TAMS 0x0000000082a00000, 0x0000000082a00000| Untracked 
|  21|0x0000000082b00000, 0x0000000082b00000, 0x0000000082c00000|  0%| F|  |TAMS 0x0000000082b00000, 0x0000000082b00000| Untracked 
|  22|0x0000000082c00000, 0x0000000082c00000, 0x0000000082d00000|  0%| F|  |TAMS 0x0000000082c00000, 0x0000000082c00000| Untracked 
|  23|0x0000000082d00000, 0x0000000082d00000, 0x0000000082e00000|  0%| F|  |TAMS 0x0000000082d00000, 0x0000000082d00000| Untracked 
|  24|0x0000000082e00000, 0x0000000082e00000, 0x0000000082f00000|  0%| F|  |TAMS 0x0000000082e00000, 0x0000000082e00000| Untracked 
|  25|0x0000000082f00000, 0x0000000082f00000, 0x0000000083000000|  0%| F|  |TAMS 0x0000000082f00000, 0x0000000082f00000| Untracked 
|  26|0x0000000083000000, 0x0000000083000000, 0x0000000083100000|  0%| F|  |TAMS 0x0000000083000000, 0x0000000083000000| Untracked 
|  27|0x0000000083100000, 0x0000000083100000, 0x0000000083200000|  0%| F|  |TAMS 0x0000000083100000, 0x0000000083100000| Untracked 
|  28|0x0000000083200000, 0x0000000083200000, 0x0000000083300000|  0%| F|  |TAMS 0x0000000083200000, 0x0000000083200000| Untracked 
|  29|0x0000000083300000, 0x0000000083300000, 0x0000000083400000|  0%| F|  |TAMS 0x0000000083300000, 0x0000000083300000| Untracked 
|  30|0x0000000083400000, 0x0000000083400000, 0x0000000083500000|  0%| F|  |TAMS 0x0000000083400000, 0x0000000083400000| Untracked 
|  31|0x0000000083500000, 0x0000000083500000, 0x0000000083600000|  0%| F|  |TAMS 0x0000000083500000, 0x0000000083500000| Untracked 
|  99|0x0000000087900000, 0x0000000087900000, 0x0000000087a00000|  0%| F|  |TAMS 0x0000000087900000, 0x0000000087900000| Untracked 
| 100|0x0000000087a00000, 0x0000000087a00000, 0x0000000087b00000|  0%| F|  |TAMS 0x0000000087a00000, 0x0000000087a00000| Untracked 
| 101|0x0000000087b00000, 0x0000000087b00000, 0x0000000087c00000|  0%| F|  |TAMS 0x0000000087b00000, 0x0000000087b00000| Untracked 
| 126|0x0000000089400000, 0x00000000894a9ad0, 0x0000000089500000| 66%| S|  |TAMS 0x0000000089400000, 0x0000000089400000| Complete 
| 127|0x0000000089500000, 0x0000000089600000, 0x0000000089600000|100%| E|CS|TAMS 0x0000000089500000, 0x0000000089500000| Complete 

Card table byte_map: [0x00000206069d0000,0x0000020606dd0000] _byte_map_base: 0x00000206065c5000

Marking Bits (Prev, Next): (CMBitMap*) 0x000002067fa4dc50, (CMBitMap*) 0x000002067fa4dc10
 Prev Bits: [0x0000020609180000, 0x000002060b128000)
 Next Bits: [0x00000206071d0000, 0x0000020609178000)

Polling page: 0x000002067fae0000

Metaspace:

Usage:
  Non-class:     22.21 MB used.
      Class:      2.99 MB used.
       Both:     25.20 MB used.

Virtual space:
  Non-class space:       24.00 MB reserved,      22.38 MB ( 93%) committed,  3 nodes.
      Class space:        1.00 GB reserved,       3.12 MB ( <1%) committed,  1 nodes.
             Both:        1.02 GB reserved,      25.50 MB (  2%) committed. 

Chunk freelists:
   Non-Class:  1.28 MB
       Class:  941.00 KB
        Both:  2.20 MB

MaxMetaspaceSize: unlimited
CompressedClassSpaceSize: 1.00 GB
Initial GC threshold: 21.00 MB
Current GC threshold: 35.12 MB
CDS: off
MetaspaceReclaimPolicy: balanced
 - commit_granule_bytes: 65536.
 - commit_granule_words: 8192.
 - virtual_space_node_default_size: 1048576.
 - enlarge_chunks_in_place: 1.
 - new_chunks_are_fully_committed: 0.
 - uncommit_free_chunks: 1.
 - use_allocation_guard: 0.
 - handle_deallocations: 1.


Internal statistics:

num_allocs_failed_limit: 3.
num_arena_births: 282.
num_arena_deaths: 0.
num_vsnodes_births: 4.
num_vsnodes_deaths: 0.
num_space_committed: 408.
num_space_uncommitted: 0.
num_chunks_returned_to_freelist: 3.
num_chunks_taken_from_freelist: 814.
num_chunk_merges: 3.
num_chunk_splits: 530.
num_chunks_enlarged: 366.
num_purges: 0.
num_inconsistent_stats: 0.

CodeCache: size=49152Kb used=5611Kb max_used=5611Kb free=43540Kb
 bounds [0x00000206035d0000, 0x0000020603b50000, 0x00000206065d0000]
 total_blobs=2747 nmethods=2272 adapters=400
 compilation: enabled
              stopped_count=0, restarted_count=0
 full_count=0

Compilation events (20 events):
Event: 4.005 Thread 0x000002060ea7e3e0 2263       1       java.util.Collections$UnmodifiableCollection::iterator (9 bytes)
Event: 4.005 Thread 0x000002060e128090 2264       1       java.util.Collections$UnmodifiableCollection$1::<init> (26 bytes)
Event: 4.005 Thread 0x000002060e1fb010 2265       1       org.springframework.core.type.classreading.SimpleAnnotationMetadata::getClassName (5 bytes)
Event: 4.006 Thread 0x000002060e1fb010 nmethod 2265 0x0000020603b48910 code [0x0000020603b48aa0, 0x0000020603b48b78]
Event: 4.006 Thread 0x000002060e128090 nmethod 2264 0x0000020603b48c10 code [0x0000020603b48dc0, 0x0000020603b48f68]
Event: 4.006 Thread 0x000002060ea7e3e0 nmethod 2263 0x0000020603b49010 code [0x0000020603b491c0, 0x0000020603b493c8]
Event: 4.007 Thread 0x000002060e1fb010 2266       1       org.springframework.core.io.DefaultResourceLoader::getProtocolResolvers (5 bytes)
Event: 4.007 Thread 0x000002060e1fb010 nmethod 2266 0x0000020603b49490 code [0x0000020603b49620, 0x0000020603b496f8]
Event: 4.010 Thread 0x000002060e128090 2267       1       java.util.HashSet::isEmpty (8 bytes)
Event: 4.011 Thread 0x000002060e128090 nmethod 2267 0x0000020603b49790 code [0x0000020603b49920, 0x0000020603b49a18]
Event: 4.016 Thread 0x000002060e128090 2268       1       org.springframework.util.ConcurrentReferenceHashMap$SoftEntryReference::getNext (5 bytes)
Event: 4.016 Thread 0x000002060e128090 nmethod 2268 0x0000020603b49b10 code [0x0000020603b49ca0, 0x0000020603b49d78]
Event: 4.017 Thread 0x000002060e128090 2269       1       java.util.LinkedHashMap::values (25 bytes)
Event: 4.017 Thread 0x000002060e128090 nmethod 2269 0x0000020603b49e10 code [0x0000020603b49fa0, 0x0000020603b4a158]
Event: 4.018 Thread 0x000002060e128090 2270       1       java.lang.Class::annotationData (44 bytes)
Event: 4.018 Thread 0x000002060e128090 nmethod 2270 0x0000020603b4a210 code [0x0000020603b4a3c0, 0x0000020603b4a5a8]
Event: 4.019 Thread 0x000002060e128090 2271       1       org.springframework.core.annotation.AnnotationTypeMapping::filledIntArray (11 bytes)
Event: 4.019 Thread 0x000002060e128090 nmethod 2271 0x0000020603b4a690 code [0x0000020603b4a820, 0x0000020603b4a978]
Event: 4.019 Thread 0x000002060e128090 2272       1       org.springframework.core.annotation.TypeMappedAnnotations::isMappingForType (41 bytes)
Event: 4.019 Thread 0x000002060e128090 nmethod 2272 0x0000020603b4aa10 code [0x0000020603b4abc0, 0x0000020603b4ad48]

GC Heap History (9 events):
Event: 1.386 GC heap before
{Heap before GC invocations=0 (full 0):
 garbage-first heap   total 131072K, used 13312K [0x0000000081600000, 0x0000000100000000)
  region size 1024K, 13 young (13312K), 0 survivors (0K)
 Metaspace       used 12684K, committed 12864K, reserved 1064960K
  class space    used 1285K, committed 1344K, reserved 1048576K
}
Event: 1.394 GC heap after
{Heap after GC invocations=1 (full 0):
 garbage-first heap   total 131072K, used 5833K [0x0000000081600000, 0x0000000100000000)
  region size 1024K, 2 young (2048K), 2 survivors (2048K)
 Metaspace       used 12684K, committed 12864K, reserved 1064960K
  class space    used 1285K, committed 1344K, reserved 1048576K
}
Event: 1.864 GC heap before
{Heap before GC invocations=1 (full 0):
 garbage-first heap   total 131072K, used 14025K [0x0000000081600000, 0x0000000100000000)
  region size 1024K, 11 young (11264K), 2 survivors (2048K)
 Metaspace       used 15465K, committed 15744K, reserved 1064960K
  class space    used 1657K, committed 1792K, reserved 1048576K
}
Event: 1.872 GC heap after
{Heap after GC invocations=2 (full 0):
 garbage-first heap   total 131072K, used 7124K [0x0000000081600000, 0x0000000100000000)
  region size 1024K, 2 young (2048K), 2 survivors (2048K)
 Metaspace       used 15465K, committed 15744K, reserved 1064960K
  class space    used 1657K, committed 1792K, reserved 1048576K
}
Event: 2.916 GC heap before
{Heap before GC invocations=2 (full 0):
 garbage-first heap   total 131072K, used 29652K [0x0000000081600000, 0x0000000100000000)
  region size 1024K, 26 young (26624K), 2 survivors (2048K)
 Metaspace       used 21270K, committed 21504K, reserved 1073152K
  class space    used 2454K, committed 2560K, reserved 1048576K
}
Event: 2.926 GC heap after
{Heap after GC invocations=3 (full 0):
 garbage-first heap   total 131072K, used 8683K [0x0000000081600000, 0x0000000100000000)
  region size 1024K, 3 young (3072K), 3 survivors (3072K)
 Metaspace       used 21270K, committed 21504K, reserved 1073152K
  class space    used 2454K, committed 2560K, reserved 1048576K
}
Event: 3.932 GC heap before
{Heap before GC invocations=4 (full 0):
 garbage-first heap   total 37888K, used 27115K [0x0000000081600000, 0x0000000100000000)
  region size 1024K, 23 young (23552K), 3 survivors (3072K)
 Metaspace       used 25755K, committed 26048K, reserved 1073152K
  class space    used 3057K, committed 3200K, reserved 1048576K
}
Event: 3.945 GC heap after
{Heap after GC invocations=5 (full 0):
 garbage-first heap   total 37888K, used 9881K [0x0000000081600000, 0x0000000100000000)
  region size 1024K, 4 young (4096K), 4 survivors (4096K)
 Metaspace       used 25755K, committed 26048K, reserved 1073152K
  class space    used 3057K, committed 3200K, reserved 1048576K
}
Event: 4.024 GC heap before
{Heap before GC invocations=5 (full 0):
 garbage-first heap   total 37888K, used 10905K [0x0000000081600000, 0x0000000100000000)
  region size 1024K, 5 young (5120K), 4 survivors (4096K)
 Metaspace       used 25804K, committed 26112K, reserved 1073152K
  class space    used 3065K, committed 3200K, reserved 1048576K
}

Deoptimization events (4 events):
Event: 1.768 Thread 0x000002067fa0fcf0 DEOPT PACKING pc=0x00000206037fd475 sp=0x00000017005fd6d0
Event: 1.768 Thread 0x000002067fa0fcf0 DEOPT UNPACKING pc=0x0000020603622b43 sp=0x00000017005fcb28 mode 3
Event: 3.199 Thread 0x000002067fa0fcf0 DEOPT PACKING pc=0x0000020603aeb319 sp=0x00000017005fd2f0
Event: 3.199 Thread 0x000002067fa0fcf0 DEOPT UNPACKING pc=0x0000020603622b43 sp=0x00000017005fc7d0 mode 3

Classes unloaded (0 events):
No events

Classes redefined (0 events):
No events

Internal exceptions (20 events):
Event: 3.698 Thread 0x000002067fa0fcf0 Exception <a 'java/lang/ClassNotFoundException'{0x0000000082a2d6f8}: org/springframework/beans/factory/config/BeanFactoryPostProcessorCustomizer> (0x0000000082a2d6f8) 
thrown [e:\jenkins\tmp\workspace\build\src\src\hotspot\share\classfile\systemDictionary.cpp, line 256]
Event: 3.700 Thread 0x000002067fa0fcf0 Exception <a 'java/lang/ClassNotFoundException'{0x0000000082a342b0}: org/springframework/beans/factory/aot/BeanFactoryInitializationAotProcessorCustomizer> (0x0000000082a342b0) 
thrown [e:\jenkins\tmp\workspace\build\src\src\hotspot\share\classfile\systemDictionary.cpp, line 256]
Event: 3.701 Thread 0x000002067fa0fcf0 Exception <a 'java/lang/ClassNotFoundException'{0x0000000082a3a2f0}: org/springframework/core/PriorityOrderedCustomizer> (0x0000000082a3a2f0) 
thrown [e:\jenkins\tmp\workspace\build\src\src\hotspot\share\classfile\systemDictionary.cpp, line 256]
Event: 3.702 Thread 0x000002067fa0fcf0 Exception <a 'java/lang/ClassNotFoundException'{0x0000000082a3f070}: org/springframework/core/OrderedCustomizer> (0x0000000082a3f070) 
thrown [e:\jenkins\tmp\workspace\build\src\src\hotspot\share\classfile\systemDictionary.cpp, line 256]
Event: 3.703 Thread 0x000002067fa0fcf0 Exception <a 'java/lang/ClassNotFoundException'{0x0000000082a45118}: org/springframework/context/ResourceLoaderAwareCustomizer> (0x0000000082a45118) 
thrown [e:\jenkins\tmp\workspace\build\src\src\hotspot\share\classfile\systemDictionary.cpp, line 256]
Event: 3.707 Thread 0x000002067fa0fcf0 Exception <a 'java/lang/ClassNotFoundException'{0x0000000082a4b2a8}: org/springframework/beans/factory/AwareCustomizer> (0x0000000082a4b2a8) 
thrown [e:\jenkins\tmp\workspace\build\src\src\hotspot\share\classfile\systemDictionary.cpp, line 256]
Event: 3.708 Thread 0x000002067fa0fcf0 Exception <a 'java/lang/ClassNotFoundException'{0x0000000082a504c0}: org/springframework/context/ApplicationStartupAwareCustomizer> (0x0000000082a504c0) 
thrown [e:\jenkins\tmp\workspace\build\src\src\hotspot\share\classfile\systemDictionary.cpp, line 256]
Event: 3.710 Thread 0x000002067fa0fcf0 Exception <a 'java/lang/ClassNotFoundException'{0x0000000082a568d8}: org/springframework/beans/factory/AwareCustomizer> (0x0000000082a568d8) 
thrown [e:\jenkins\tmp\workspace\build\src\src\hotspot\share\classfile\systemDictionary.cpp, line 256]
Event: 3.711 Thread 0x000002067fa0fcf0 Exception <a 'java/lang/ClassNotFoundException'{0x0000000082a5bc28}: org/springframework/beans/factory/BeanClassLoaderAwareCustomizer> (0x0000000082a5bc28) 
thrown [e:\jenkins\tmp\workspace\build\src\src\hotspot\share\classfile\systemDictionary.cpp, line 256]
Event: 3.712 Thread 0x000002067fa0fcf0 Exception <a 'java/lang/ClassNotFoundException'{0x0000000082a61da0}: org/springframework/beans/factory/AwareCustomizer> (0x0000000082a61da0) 
thrown [e:\jenkins\tmp\workspace\build\src\src\hotspot\share\classfile\systemDictionary.cpp, line 256]
Event: 3.713 Thread 0x000002067fa0fcf0 Exception <a 'java/lang/ClassNotFoundException'{0x0000000082a66ce0}: org/springframework/context/EnvironmentAwareCustomizer> (0x0000000082a66ce0) 
thrown [e:\jenkins\tmp\workspace\build\src\src\hotspot\share\classfile\systemDictionary.cpp, line 256]
Event: 3.714 Thread 0x000002067fa0fcf0 Exception <a 'java/lang/ClassNotFoundException'{0x0000000082a6ce80}: org/springframework/beans/factory/AwareCustomizer> (0x0000000082a6ce80) 
thrown [e:\jenkins\tmp\workspace\build\src\src\hotspot\share\classfile\systemDictionary.cpp, line 256]
Event: 3.832 Thread 0x000002060fbe8650 Exception <a 'java/lang/NoSuchMethodError'{0x0000000082519a08}: 'long java.lang.invoke.DirectMethodHandle$Holder.invokeSpecial(java.lang.Object, java.lang.Object)'> (0x0000000082519a08) 
thrown [e:\jenkins\tmp\workspace\build\src\src\hotspot\share\interpreter\linkResolver.cpp, line 766]
Event: 3.836 Thread 0x000002060fbe8650 Exception <a 'java/lang/NoSuchMethodError'{0x0000000082524c30}: 'long java.lang.invoke.DirectMethodHandle$Holder.invokeStatic(java.lang.Object, java.lang.Object)'> (0x0000000082524c30) 
thrown [e:\jenkins\tmp\workspace\build\src\src\hotspot\share\interpreter\linkResolver.cpp, line 766]
Event: 3.837 Thread 0x000002060fbe8650 Exception <a 'java/lang/NoSuchMethodError'{0x0000000082528230}: 'long java.lang.invoke.DirectMethodHandle$Holder.invokeStaticInit(java.lang.Object, java.lang.Object)'> (0x0000000082528230) 
thrown [e:\jenkins\tmp\workspace\build\src\src\hotspot\share\interpreter\linkResolver.cpp, line 766]
Event: 3.840 Thread 0x000002060fbe8650 Exception <a 'java/lang/NoSuchMethodError'{0x0000000082535dd8}: 'long java.lang.invoke.DirectMethodHandle$Holder.invokeInterface(java.lang.Object, java.lang.Object)'> (0x0000000082535dd8) 
thrown [e:\jenkins\tmp\workspace\build\src\src\hotspot\share\interpreter\linkResolver.cpp, line 766]
Event: 3.841 Thread 0x000002060fbe8650 Exception <a 'java/lang/IncompatibleClassChangeError'{0x0000000082539368}: Found class java.lang.Object, but interface was expected> (0x0000000082539368) 
thrown [e:\jenkins\tmp\workspace\build\src\src\hotspot\share\interpreter\linkResolver.cpp, line 833]
Event: 3.869 Thread 0x000002060fbe8650 Exception <a 'java/lang/NoSuchMethodError'{0x00000000824a7d80}: 'java.lang.Object java.lang.invoke.DirectMethodHandle$Holder.invokeVirtual(java.lang.Object, java.lang.Object, java.lang.Object, java.lang.Object)'> (0x00000000824a7d80) 
thrown [e:\jenkins\tmp\workspace\build\src\src\hotspot\share\interpreter\linkResolver.cpp, line 766]
Event: 3.877 Thread 0x000002067fa0fcf0 Exception <a 'java/lang/NoSuchMethodError'{0x000000008240dcd0}: 'void java.lang.invoke.DirectMethodHandle$Holder.invokeInterface(java.lang.Object, java.lang.Object, java.lang.Object, java.lang.Object)'> (0x000000008240dcd0) 
thrown [e:\jenkins\tmp\workspace\build\src\src\hotspot\share\interpreter\linkResolver.cpp, line 766]
Event: 3.891 Thread 0x000002067fa0fcf0 Exception <a 'java/lang/NoSuchMethodError'{0x0000000082430908}: 'int java.lang.invoke.DirectMethodHandle$Holder.invokeVirtual(java.lang.Object, java.lang.Object, java.lang.Object)'> (0x0000000082430908) 
thrown [e:\jenkins\tmp\workspace\build\src\src\hotspot\share\interpreter\linkResolver.cpp, line 766]

VM Operations (20 events):
Event: 2.396 Executing VM operation: HandshakeAllThreads done
Event: 2.604 Executing VM operation: ICBufferFull
Event: 2.604 Executing VM operation: ICBufferFull done
Event: 2.690 Executing VM operation: HandshakeAllThreads
Event: 2.690 Executing VM operation: HandshakeAllThreads done
Event: 2.916 Executing VM operation: CollectForMetadataAllocation
Event: 2.931 Executing VM operation: CollectForMetadataAllocation done
Event: 2.949 Executing VM operation: G1Concurrent
Event: 2.961 Executing VM operation: G1Concurrent done
Event: 2.967 Executing VM operation: G1Concurrent
Event: 2.971 Executing VM operation: G1Concurrent done
Event: 3.540 Executing VM operation: HandshakeAllThreads
Event: 3.540 Executing VM operation: HandshakeAllThreads done
Event: 3.681 Executing VM operation: HandshakeAllThreads
Event: 3.681 Executing VM operation: HandshakeAllThreads done
Event: 3.738 Executing VM operation: HandshakeAllThreads
Event: 3.738 Executing VM operation: HandshakeAllThreads done
Event: 3.932 Executing VM operation: G1CollectForAllocation
Event: 3.945 Executing VM operation: G1CollectForAllocation done
Event: 4.024 Executing VM operation: G1CollectForAllocation

Events (20 events):
Event: 3.781 loading class java/util/regex/Pattern$Loop
Event: 3.781 loading class java/util/regex/Pattern$Loop done
Event: 3.781 loading class java/util/regex/Pattern$LazyLoop done
Event: 3.781 loading class java/util/regex/Pattern$Prolog
Event: 3.781 loading class java/util/regex/Pattern$Prolog done
Event: 3.782 loading class java/util/regex/ASCII
Event: 3.783 loading class java/util/regex/ASCII done
Event: 3.813 loading class java/util/regex/Pattern$BnM
Event: 3.814 loading class java/util/regex/Pattern$BnM done
Event: 3.814 loading class java/util/regex/Pattern$Pos
Event: 3.814 loading class java/util/regex/Pattern$Pos done
Event: 3.815 loading class java/lang/AssertionError
Event: 3.815 loading class java/lang/AssertionError done
Event: 3.827 loading class java/time/ZoneOffset
Event: 3.827 loading class java/time/ZoneOffset done
Event: 3.832 loading class java/util/function/ToLongFunction
Event: 3.832 loading class java/util/function/ToLongFunction done
Event: 3.834 loading class java/util/function/ToIntFunction
Event: 3.834 loading class java/util/function/ToIntFunction done
Event: 3.888 Thread 0x000002060fbe8650 Thread exited: 0x000002060fbe8650


Dynamic libraries:
0x00007ff600810000 - 0x00007ff60081e000 	C:\SRC\sts-4.13.1.RELEASE\plugins\org.eclipse.justj.openjdk.hotspot.jre.full.win32.x86_64_17.0.1.v20211116-1657\jre\bin\javaw.exe
0x00007ff826110000 - 0x00007ff826308000 	C:\WINDOWS\SYSTEM32\ntdll.dll
0x00007ff825ad0000 - 0x00007ff825b8d000 	C:\WINDOWS\System32\KERNEL32.DLL
0x00007ff823a40000 - 0x00007ff823d0e000 	C:\WINDOWS\System32\KERNELBASE.dll
0x00007ff823e10000 - 0x00007ff823f10000 	C:\WINDOWS\System32\ucrtbase.dll
0x00007ff8169a0000 - 0x00007ff8169b8000 	C:\SRC\sts-4.13.1.RELEASE\plugins\org.eclipse.justj.openjdk.hotspot.jre.full.win32.x86_64_17.0.1.v20211116-1657\jre\bin\jli.dll
0x00007ff8169c0000 - 0x00007ff8169d9000 	C:\SRC\sts-4.13.1.RELEASE\plugins\org.eclipse.justj.openjdk.hotspot.jre.full.win32.x86_64_17.0.1.v20211116-1657\jre\bin\VCRUNTIME140.dll
0x00007ff8253f0000 - 0x00007ff825590000 	C:\WINDOWS\System32\USER32.dll
0x00007ff824140000 - 0x00007ff824162000 	C:\WINDOWS\System32\win32u.dll
0x00007ff812ea0000 - 0x00007ff81313a000 	C:\WINDOWS\WinSxS\amd64_microsoft.windows.common-controls_6595b64144ccf1df_6.0.19041.1110_none_60b5254171f9507e\COMCTL32.dll
0x00007ff825e30000 - 0x00007ff825e5a000 	C:\WINDOWS\System32\GDI32.dll
0x00007ff8244d0000 - 0x00007ff82456e000 	C:\WINDOWS\System32\msvcrt.dll
0x00007ff823930000 - 0x00007ff823a3b000 	C:\WINDOWS\System32\gdi32full.dll
0x00007ff824070000 - 0x00007ff82410d000 	C:\WINDOWS\System32\msvcp_win.dll
0x00007ff825640000 - 0x00007ff825670000 	C:\WINDOWS\System32\IMM32.DLL
0x00007ff81c100000 - 0x00007ff81c10c000 	C:\SRC\sts-4.13.1.RELEASE\plugins\org.eclipse.justj.openjdk.hotspot.jre.full.win32.x86_64_17.0.1.v20211116-1657\jre\bin\vcruntime140_1.dll
0x00007ff816900000 - 0x00007ff816991000 	C:\SRC\sts-4.13.1.RELEASE\plugins\org.eclipse.justj.openjdk.hotspot.jre.full.win32.x86_64_17.0.1.v20211116-1657\jre\bin\msvcp140.dll
0x00007fffe9080000 - 0x00007fffe9cc6000 	C:\SRC\sts-4.13.1.RELEASE\plugins\org.eclipse.justj.openjdk.hotspot.jre.full.win32.x86_64_17.0.1.v20211116-1657\jre\bin\server\jvm.dll
0x00007ff825750000 - 0x00007ff8257fe000 	C:\WINDOWS\System32\ADVAPI32.dll
0x00007ff8255a0000 - 0x00007ff82563c000 	C:\WINDOWS\System32\sechost.dll
0x00007ff825e60000 - 0x00007ff825f85000 	C:\WINDOWS\System32\RPCRT4.dll
0x00007ff825740000 - 0x00007ff825748000 	C:\WINDOWS\System32\PSAPI.DLL
0x00007ff820ff0000 - 0x00007ff820ff9000 	C:\WINDOWS\SYSTEM32\WSOCK32.dll
0x00007ff8197f0000 - 0x00007ff8197fa000 	C:\WINDOWS\SYSTEM32\VERSION.dll
0x00007ff825670000 - 0x00007ff8256db000 	C:\WINDOWS\System32\WS2_32.dll
0x00007ff814e40000 - 0x00007ff814e67000 	C:\WINDOWS\SYSTEM32\WINMM.dll
0x00007ff821720000 - 0x00007ff821732000 	C:\WINDOWS\SYSTEM32\kernel.appcore.dll
0x00007ff816760000 - 0x00007ff81676a000 	C:\SRC\sts-4.13.1.RELEASE\plugins\org.eclipse.justj.openjdk.hotspot.jre.full.win32.x86_64_17.0.1.v20211116-1657\jre\bin\jimage.dll
0x00007ff814c00000 - 0x00007ff814de4000 	C:\WINDOWS\SYSTEM32\DBGHELP.DLL
0x00007ff814260000 - 0x00007ff81428c000 	C:\WINDOWS\SYSTEM32\dbgcore.DLL
0x00007ff823d80000 - 0x00007ff823e02000 	C:\WINDOWS\System32\bcryptPrimitives.dll
0x00007ff808a50000 - 0x00007ff808a75000 	C:\SRC\sts-4.13.1.RELEASE\plugins\org.eclipse.justj.openjdk.hotspot.jre.full.win32.x86_64_17.0.1.v20211116-1657\jre\bin\java.dll
0x00007ff808a30000 - 0x00007ff808a48000 	C:\SRC\sts-4.13.1.RELEASE\plugins\org.eclipse.justj.openjdk.hotspot.jre.full.win32.x86_64_17.0.1.v20211116-1657\jre\bin\zip.dll
0x00007ff824570000 - 0x00007ff824cb3000 	C:\WINDOWS\System32\SHELL32.dll
0x00007ff821920000 - 0x00007ff8220b5000 	C:\WINDOWS\SYSTEM32\windows.storage.dll
0x00007ff824170000 - 0x00007ff8244c4000 	C:\WINDOWS\System32\combase.dll
0x00007ff823290000 - 0x00007ff8232c0000 	C:\WINDOWS\SYSTEM32\Wldp.dll
0x00007ff825f90000 - 0x00007ff82603d000 	C:\WINDOWS\System32\SHCORE.dll
0x00007ff8256e0000 - 0x00007ff825735000 	C:\WINDOWS\System32\shlwapi.dll
0x00007ff823770000 - 0x00007ff82378f000 	C:\WINDOWS\SYSTEM32\profapi.dll
0x00007ff808a10000 - 0x00007ff808a29000 	C:\SRC\sts-4.13.1.RELEASE\plugins\org.eclipse.justj.openjdk.hotspot.jre.full.win32.x86_64_17.0.1.v20211116-1657\jre\bin\net.dll
0x00007ff81b960000 - 0x00007ff81ba6a000 	C:\WINDOWS\SYSTEM32\WINHTTP.dll
0x00007ff822ff0000 - 0x00007ff82305a000 	C:\WINDOWS\system32\mswsock.dll
0x00007ff8089f0000 - 0x00007ff808a05000 	C:\SRC\sts-4.13.1.RELEASE\plugins\org.eclipse.justj.openjdk.hotspot.jre.full.win32.x86_64_17.0.1.v20211116-1657\jre\bin\nio.dll
0x00007ff8168a0000 - 0x00007ff8168a9000 	C:\SRC\sts-4.13.1.RELEASE\plugins\org.eclipse.justj.openjdk.hotspot.jre.full.win32.x86_64_17.0.1.v20211116-1657\jre\bin\management.dll
0x00007ff816890000 - 0x00007ff81689b000 	C:\SRC\sts-4.13.1.RELEASE\plugins\org.eclipse.justj.openjdk.hotspot.jre.full.win32.x86_64_17.0.1.v20211116-1657\jre\bin\management_ext.dll
0x00007ff80a1b0000 - 0x00007ff80a1c7000 	C:\WINDOWS\system32\napinsp.dll
0x00007ff808ac0000 - 0x00007ff808adb000 	C:\WINDOWS\system32\pnrpnsp.dll
0x00007ff808aa0000 - 0x00007ff808ab5000 	C:\WINDOWS\system32\wshbth.dll
0x00007ff81f1d0000 - 0x00007ff81f1ed000 	C:\WINDOWS\system32\NLAapi.dll
0x00007ff822c90000 - 0x00007ff822ccb000 	C:\WINDOWS\SYSTEM32\IPHLPAPI.DLL
0x00007ff822cd0000 - 0x00007ff822d9a000 	C:\WINDOWS\SYSTEM32\DNSAPI.dll
0x00007ff826040000 - 0x00007ff826048000 	C:\WINDOWS\System32\NSI.dll
0x00007ff808a80000 - 0x00007ff808a92000 	C:\WINDOWS\System32\winrnr.dll
0x00007ff819800000 - 0x00007ff81980a000 	C:\Windows\System32\rasadhlp.dll
0x00007ff81b8d0000 - 0x00007ff81b950000 	C:\WINDOWS\System32\fwpuclnt.dll
0x00007ff824110000 - 0x00007ff824137000 	C:\WINDOWS\System32\bcrypt.dll
0x00007ff8231f0000 - 0x00007ff823208000 	C:\WINDOWS\SYSTEM32\CRYPTSP.dll
0x00007ff822900000 - 0x00007ff822934000 	C:\WINDOWS\system32\rsaenh.dll
0x00007ff823730000 - 0x00007ff82375e000 	C:\WINDOWS\SYSTEM32\USERENV.dll
0x00007ff8231e0000 - 0x00007ff8231ec000 	C:\WINDOWS\SYSTEM32\CRYPTBASE.dll
0x00007ff81c060000 - 0x00007ff81c077000 	C:\WINDOWS\SYSTEM32\dhcpcsvc6.DLL
0x00007ff81c9d0000 - 0x00007ff81c9ed000 	C:\WINDOWS\SYSTEM32\dhcpcsvc.DLL
0x00007ff8158a0000 - 0x00007ff8158b0000 	C:\SRC\sts-4.13.1.RELEASE\plugins\org.eclipse.justj.openjdk.hotspot.jre.full.win32.x86_64_17.0.1.v20211116-1657\jre\bin\verify.dll

dbghelp: loaded successfully - version: 4.0.5 - missing functions: none
symbol engine: initialized successfully - sym options: 0x614 - pdb path: .;C:\SRC\sts-4.13.1.RELEASE\plugins\org.eclipse.justj.openjdk.hotspot.jre.full.win32.x86_64_17.0.1.v20211116-1657\jre\bin;C:\WINDOWS\SYSTEM32;C:\WINDOWS\WinSxS\amd64_microsoft.windows.common-controls_6595b64144ccf1df_6.0.19041.1110_none_60b5254171f9507e;C:\SRC\sts-4.13.1.RELEASE\plugins\org.eclipse.justj.openjdk.hotspot.jre.full.win32.x86_64_17.0.1.v20211116-1657\jre\bin\server

VM Arguments:
jvm_args: -Dcom.sun.management.jmxremote -Dcom.sun.management.jmxremote.port=56051 -Dcom.sun.management.jmxremote.authenticate=false -Dcom.sun.management.jmxremote.ssl=false -Djava.rmi.server.hostname=localhost -Dspring.jmx.enabled=true -Dspring.application.admin.enabled=true -XX:TieredStopAtLevel=1 -Dspring.boot.project.name=course -Dfile.encoding=UTF-8 -XX:+ShowCodeDetailsInExceptionMessages 
java_command: com.educandoweb.course.CourseApplication --spring.output.ansi.enabled=always
java_class_path (initial): C:\Users\Matheus\Documents\workspace-spring-tool-suite-4-4.13.1.RELEASE\course\course\target\classes;C:\Users\Matheus\.m2\repository\org\springframework\boot\spring-boot-starter-web\3.0.0-M5\spring-boot-starter-web-3.0.0-M5.jar;C:\Users\Matheus\.m2\repository\org\springframework\boot\spring-boot-starter\3.0.0-M5\spring-boot-starter-3.0.0-M5.jar;C:\Users\Matheus\.m2\repository\org\springframework\boot\spring-boot\3.0.0-M5\spring-boot-3.0.0-M5.jar;C:\Users\Matheus\.m2\repository\org\springframework\boot\spring-boot-autoconfigure\3.0.0-M5\spring-boot-autoconfigure-3.0.0-M5.jar;C:\Users\Matheus\.m2\repository\org\springframework\boot\spring-boot-starter-logging\3.0.0-M5\spring-boot-starter-logging-3.0.0-M5.jar;C:\Users\Matheus\.m2\repository\ch\qos\logback\logback-classic\1.2.11\logback-classic-1.2.11.jar;C:\Users\Matheus\.m2\repository\ch\qos\logback\logback-core\1.2.11\logback-core-1.2.11.jar;C:\Users\Matheus\.m2\repository\org\apache\logging\log4j\log4j-to-slf4j\2.18.0\log4j-to-slf4j-2.18.0.jar;C:\Users\Matheus\.m2\repository\org\apache\logging\log4j\log4j-api\2.18.0\log4j-api-2.18.0.jar;C:\Users\Matheus\.m2\repository\org\slf4j\jul-to-slf4j\1.7.36\jul-to-slf4j-1.7.36.jar;C:\Users\Matheus\.m2\repository\jakarta\annotation\jakarta.annotation-api\2.0.0\jakarta.annotation-api-2.0.0.jar;C:\Users\Matheus\.m2\repository\org\yaml\snakeyaml\1.32\snakeyaml-1.32.jar;C:\Users\Matheus\.m2\repository\org\springframework\boot\spring-boot-starter-json\3.0.0-M5\spring-boot-starter-json-3.0.0-M5.jar;C:\Users\Matheus\.m2\repository\com\fasterxml\jackson\core\jackson-databind\2.13.4\jackson-databind-2.13.4.jar;C:\Users\Matheus\.m2\repository\com\fasterxml\jackson\core\jackson-annotations\2.13.4\jackson-annotations-2.13.4.jar;C:\Users\Matheus\.m2\repository\com\fasterxml\jackson\core\jackson-core\2.13.4\jackson-core-2.13.4.jar;C:\Users\Matheus\.m2\repository\com\fasterxml\jackson\datatype\jackson-datatype-jdk8\2.13.4\jackson-datatype-jdk8-2.13.4.jar;C:\Users
Launcher Type: SUN_STANDARD

[Global flags]
     intx CICompilerCount                          = 3                                         {product} {ergonomic}
     uint ConcGCThreads                            = 1                                         {product} {ergonomic}
     uint G1ConcRefinementThreads                  = 4                                         {product} {ergonomic}
   size_t G1HeapRegionSize                         = 1048576                                   {product} {ergonomic}
    uintx GCDrainStackTargetSize                   = 64                                        {product} {ergonomic}
   size_t InitialHeapSize                          = 134217728                                 {product} {ergonomic}
     bool ManagementServer                         = true                                      {product} {command line}
   size_t MarkStackSize                            = 4194304                                   {product} {ergonomic}
   size_t MaxHeapSize                              = 2124414976                                {product} {ergonomic}
   size_t MaxNewSize                               = 1274019840                                {product} {ergonomic}
   size_t MinHeapDeltaBytes                        = 1048576                                   {product} {ergonomic}
   size_t MinHeapSize                              = 8388608                                   {product} {ergonomic}
    uintx NonProfiledCodeHeapSize                  = 0                                      {pd product} {ergonomic}
     bool ProfileInterpreter                       = false                                  {pd product} {command line}
    uintx ProfiledCodeHeapSize                     = 0                                      {pd product} {ergonomic}
     bool ShowCodeDetailsInExceptionMessages       = true                                   {manageable} {command line}
   size_t SoftMaxHeapSize                          = 2124414976                             {manageable} {ergonomic}
     intx TieredStopAtLevel                        = 1                                         {product} {command line}
     bool UseCompressedClassPointers               = true                           {product lp64_product} {ergonomic}
     bool UseCompressedOops                        = true                           {product lp64_product} {ergonomic}
     bool UseG1GC                                  = true                                      {product} {ergonomic}
     bool UseLargePagesIndividualAllocation        = false                                  {pd product} {ergonomic}

Logging:
Log output configuration:
 #0: stdout all=warning uptime,level,tags
 #1: stderr all=off uptime,level,tags

Environment Variables:
JAVA_HOME=C:\Program Files\Java\jdk-11.0.12
CLASSPATH=C:\Program Files\Java\jdk-11.0.12\lib\tools.jar.;
PATH=C:/SRC/sts-4.13.1.RELEASE//plugins/org.eclipse.justj.openjdk.hotspot.jre.full.win32.x86_64_17.0.1.v20211116-1657/jre/bin/server;C:/SRC/sts-4.13.1.RELEASE//plugins/org.eclipse.justj.openjdk.hotspot.jre.full.win32.x86_64_17.0.1.v20211116-1657/jre/bin;C:\Python310\Scripts\;C:\Python310\;C:\Program Files\Java\jdk-11.0.12\bin;C:\Program Files\Common Files\Oracle\Java\javapath;C:\WINDOWS\system32;C:\WINDOWS;C:\WINDOWS\System32\Wbem;C:\WINDOWS\System32\WindowsPowerShell\v1.0\;C:\WINDOWS\System32\OpenSSH\;C:\ProgramData\chocolatey\bin;C:\Program Files\OpenJDK\openjdk-8u292-b10\bin;C:\Program Files\PuTTY\;C:\Program Files (x86)\Microsoft SQL Server\150\Tools\Binn\;C:\Program Files\Microsoft SQL Server\150\Tools\Binn\;C:\Program Files (x86)\Microsoft SQL Server\150\DTS\Binn\;C:\Program Files\Microsoft SQL Server\150\DTS\Binn\;C:\Program Files\Microsoft SQL Server\Client SDK\ODBC\170\Tools\Binn\;C:\Program Files\Azure Data Studio\bin;C:\Program Files\dotnet\;C:\Program Files\Microsoft SQL Server\130\Tools\Binn\;C:\Program Files\nodejs\;C:\Program Files\Git\cmd;C:\Program Files (x86)\dotnet\;C:\Program Files\Maven\apache-maven-3.8.4;C:\Program Files\MySQL\MySQL Shell 8.0\bin\;C:\Users\Matheus\AppData\Local\Programs\Python\Python39\Scripts\;C:\Users\Matheus\AppData\Local\Programs\Python\Python39\;C:\Users\Matheus\AppData\Local\Microsoft\WindowsApps;C:\Users\Matheus\AppData\Local\GitHubDesktop\bin;C:\Users\Matheus\AppData\Local\Android\Sdk\platform-tools;C:\Users\Matheus\AppData\Local\Programs\Microsoft VS Code\bin;C:\Program Files\Azure Data Studio\bin;C:\Users\Matheus\.dotnet\tools;C:\Users\Matheus\AppData\Roaming\npm;;C:\SRC\sts-4.13.1.RELEASE;
USERNAME=Matheus
OS=Windows_NT
PROCESSOR_IDENTIFIER=Intel64 Family 6 Model 42 Stepping 7, GenuineIntel



---------------  S Y S T E M  ---------------

OS:
 Windows 10 , 64 bit Build 19041 (10.0.19041.1889)
OS uptime: 11 days 0:56 hours

CPU: total 4 (initial active 4) (2 cores per cpu, 2 threads per core) family 6 model 42 stepping 7 microcode 0x2f, cx8, cmov, fxsr, ht, mmx, sse, sse2, sse3, ssse3, sse4.1, sse4.2, popcnt, tsc, tscinvbit, avx, clmul, vzeroupper, clflush

Memory: 4k page, system-wide physical 8102M (2341M free)
TotalPageFile size 9382M (AvailPageFile size 2559M)
current process WorkingSet (physical memory assigned to process): 107M, peak: 107M
current process commit charge ("private bytes"): 134M, peak: 222M

vm_info: OpenJDK 64-Bit Server VM (17.0.1+12) for windows-amd64 JRE (17.0.1+12), built on Oct 20 2021 07:42:55 by "" with MS VC++ 16.7 (VS2019)

END.
